

*******************************************************************************
Tue Mar 12 13:31:16 2019


FIT:    data read from 'to.txt' u 1:2
        format = x:z
        x range restricted to [0.00000 : 1.00000]
        #datapoints = 101
        residuals are weighted equally (unit weight)

function used for fitting: f(x)


*******************************************************************************
Tue Mar 12 13:31:20 2019


FIT:    data read from 'to.txt' u 1:2
        format = x:z
        x range restricted to [0.00000 : 1.00000]
        #datapoints = 101
        residuals are weighted equally (unit weight)

function used for fitting: f(x)
fitted parameters initialized with current variable values



 Iteration 0
 WSSR        : 109.137           delta(WSSR)/WSSR   : 0
 delta(WSSR) : 0                 limit for stopping : 1e-05
 lambda	  : 0.682162

initial set of free parameter values

A               = 1
B               = 1
C               = 1
D               = 1

After 30 iterations the fit converged.
final sum of squares of residuals : 2.71171e-31
abs. change during last iteration : -1.07529e-27


Hmmmm.... Sum of squared residuals is zero. Can't compute errors.

Final set of parameters 
======================= 

A               = 0.0438785      
B               = 0.150127       
C               = 1.23675        
D               = 0.543991       


*******************************************************************************
Tue Mar 12 13:34:02 2019


FIT:    data read from 'to.txt' u 1:3
        format = x:z
        x range restricted to [0.00000 : 1.00000]
        #datapoints = 101
        residuals are weighted equally (unit weight)

function used for fitting: f(x)
fitted parameters initialized with current variable values



 Iteration 0
 WSSR        : 1.3235            delta(WSSR)/WSSR   : 0
 delta(WSSR) : 0                 limit for stopping : 1e-05
 lambda	  : 1.78332

initial set of free parameter values

A               = 0.0438785
B               = 0.150127
C               = 1.23675
D               = 0.543991

After 9 iterations the fit converged.
final sum of squares of residuals : 4.43734e-31
abs. change during last iteration : -7.14905e-31


Hmmmm.... Sum of squared residuals is zero. Can't compute errors.

Final set of parameters 
======================= 

A               = 0.0305003      
B               = 0.163976       
C               = 1.23965        
D               = 0.69136        
